<?xml version="1.0" encoding="UTF-8"?>
<!-- Generated by org.testng.reporters.JUnitXMLReporter -->
<testsuite ignored="3" hostname="DESKTOP-GET1OHG" failures="0" tests="10" name="Default test" time="0.116" errors="0" timestamp="2023-02-23T22:46:28 IST">
  <testcase classname="day05.Program04" name="testCase02" time="0.011"/>
  <testcase classname="day05.Program04" name="testCase02" time="0.002"/>
  <testcase classname="day05.Program04" name="testCase02" time="0.004"/>
  <testcase classname="day05.Program04" name="testCase02" time="0.001"/>
  <testcase classname="day05.Program04" name="testCase02" time="0.001"/>
  <testcase classname="day05.Program04" name="testCase02" time="0.001"/>
  <testcase classname="day05.Program04" name="testCase02" time="0.004"/>
  <testcase classname="day05.Program04" name="testCase02" time="0.001"/>
  <testcase classname="day05.Program04" name="testCase02" time="0.003"/>
  <testcase classname="day05.Program04" name="testCase02" time="0.003"/>
  <testcase classname="day05.Program04" name="testCase03" time="0.0">
    <ignored/>
  </testcase> <!-- testCase03 -->
  <testcase classname="day05.Program04" name="testCase04" time="0.0">
    <ignored/>
  </testcase> <!-- testCase04 -->
  <testcase classname="day05.Program04" name="testCase01" time="0.0">
    <ignored/>
  </testcase> <!-- testCase01 -->
</testsuite> <!-- Default test -->
