<?xml version="1.0" encoding="UTF-8"?>
<!-- Generated by org.testng.reporters.JUnitXMLReporter -->
<testsuite ignored="1" hostname="DESKTOP-GET1OHG" failures="0" tests="3" name="Default test" time="0.069" errors="0" timestamp="2023-02-23T09:28:49 IST">
  <testcase classname="day05.Program03" name="testCase03" time="0.01"/>
  <testcase classname="day05.Program03" name="testCase01" time="0.003"/>
  <testcase classname="day05.Program03" name="testCase04" time="0.002"/>
  <testcase classname="day05.Program03" name="testCase02" time="0.0">
    <ignored/>
  </testcase> <!-- testCase02 -->
</testsuite> <!-- Default test -->
