<?xml version="1.0" encoding="UTF-8"?>
<!-- Generated by org.testng.reporters.JUnitXMLReporter -->
<testsuite ignored="3" hostname="DESKTOP-GET1OHG" failures="0" tests="5" name="Test" time="0.07" errors="0" timestamp="2023-02-23T09:49:01 IST">
  <testcase classname="day05.Program04" name="testCase02" time="0.008"/>
  <testcase classname="day05.Program04" name="testCase04" time="0.001"/>
  <testcase classname="day05.Program01" name="testCase01" time="0.001"/>
  <testcase classname="day05.Program01" name="testCase02" time="0.002"/>
  <testcase classname="day05.Program01" name="testCase04" time="0.002"/>
  <testcase classname="day05.Program04" name="testCase03" time="0.0">
    <ignored/>
  </testcase> <!-- testCase03 -->
  <testcase classname="day05.Program01" name="testCase03" time="0.0">
    <ignored/>
  </testcase> <!-- testCase03 -->
  <testcase classname="day05.Program04" name="testCase01" time="0.0">
    <ignored/>
  </testcase> <!-- testCase01 -->
</testsuite> <!-- Test -->
