<?xml version="1.0" encoding="UTF-8"?>
<!-- Generated by org.testng.reporters.JUnitXMLReporter -->
<testsuite ignored="3" hostname="DESKTOP-GET1OHG" failures="0" tests="2" name="Test" time="0.071" errors="0" timestamp="2023-02-24T09:22:43 IST">
  <testcase classname="day06.Program02" name="testCase02" time="0.008"/>
  <testcase classname="day06.Program02" name="testCase04" time="0.002"/>
  <testcase classname="day06.Program02" name="testCase05" time="0.0">
    <ignored/>
  </testcase> <!-- testCase05 -->
  <testcase classname="day06.Program02" name="testCase03" time="0.0">
    <ignored/>
  </testcase> <!-- testCase03 -->
  <testcase classname="day06.Program02" name="testCase01" time="0.0">
    <ignored/>
  </testcase> <!-- testCase01 -->
</testsuite> <!-- Test -->
