<?xml version="1.0" encoding="UTF-8"?>
<testng-results ignored="0" total="1" passed="1" failed="0" skipped="0">
  <reporter-output>
  </reporter-output>
  <suite started-at="2023-03-02T09:43:35 IST" name="Default suite" finished-at="2023-03-02T09:43:54 IST" duration-ms="18983">
    <groups>
    </groups>
    <test started-at="2023-03-02T09:43:35 IST" name="Default test" finished-at="2023-03-02T09:43:54 IST" duration-ms="18983">
      <class name="day09.Project">
        <test-method signature="testCase01()[pri:0, instance:day09.Project@6e0f5f7f]" started-at="2023-03-02T09:43:35 IST" name="testCase01" finished-at="2023-03-02T09:43:54 IST" duration-ms="18927" status="PASS">
          <reporter-output>
          </reporter-output>
        </test-method> <!-- testCase01 -->
      </class> <!-- day09.Project -->
    </test> <!-- Default test -->
  </suite> <!-- Default suite -->
</testng-results>
