<?xml version="1.0" encoding="UTF-8"?>
<testng-results ignored="3" total="13" passed="10" failed="0" skipped="0">
  <reporter-output>
  </reporter-output>
  <suite started-at="2023-02-23T22:46:28 IST" name="Default suite" finished-at="2023-02-23T22:46:28 IST" duration-ms="116">
    <groups>
    </groups>
    <test started-at="2023-02-23T22:46:28 IST" name="Default test" finished-at="2023-02-23T22:46:28 IST" duration-ms="116">
      <class name="day05.Program04">
        <test-method signature="testCase02()[pri:0, instance:day05.Program04@47987356]" started-at="2023-02-23T22:46:28 IST" name="testCase02" finished-at="2023-02-23T22:46:28 IST" duration-ms="11" status="PASS">
          <reporter-output>
          </reporter-output>
        </test-method> <!-- testCase02 -->
        <test-method signature="testCase02()[pri:0, instance:day05.Program04@47987356]" started-at="2023-02-23T22:46:28 IST" name="testCase02" finished-at="2023-02-23T22:46:28 IST" duration-ms="2" status="PASS">
          <reporter-output>
          </reporter-output>
        </test-method> <!-- testCase02 -->
        <test-method signature="testCase02()[pri:0, instance:day05.Program04@47987356]" started-at="2023-02-23T22:46:28 IST" name="testCase02" finished-at="2023-02-23T22:46:28 IST" duration-ms="4" status="PASS">
          <reporter-output>
          </reporter-output>
        </test-method> <!-- testCase02 -->
        <test-method signature="testCase02()[pri:0, instance:day05.Program04@47987356]" started-at="2023-02-23T22:46:28 IST" name="testCase02" finished-at="2023-02-23T22:46:28 IST" duration-ms="1" status="PASS">
          <reporter-output>
          </reporter-output>
        </test-method> <!-- testCase02 -->
        <test-method signature="testCase02()[pri:0, instance:day05.Program04@47987356]" started-at="2023-02-23T22:46:28 IST" name="testCase02" finished-at="2023-02-23T22:46:28 IST" duration-ms="1" status="PASS">
          <reporter-output>
          </reporter-output>
        </test-method> <!-- testCase02 -->
        <test-method signature="testCase02()[pri:0, instance:day05.Program04@47987356]" started-at="2023-02-23T22:46:28 IST" name="testCase02" finished-at="2023-02-23T22:46:28 IST" duration-ms="1" status="PASS">
          <reporter-output>
          </reporter-output>
        </test-method> <!-- testCase02 -->
        <test-method signature="testCase02()[pri:0, instance:day05.Program04@47987356]" started-at="2023-02-23T22:46:28 IST" name="testCase02" finished-at="2023-02-23T22:46:28 IST" duration-ms="4" status="PASS">
          <reporter-output>
          </reporter-output>
        </test-method> <!-- testCase02 -->
        <test-method signature="testCase02()[pri:0, instance:day05.Program04@47987356]" started-at="2023-02-23T22:46:28 IST" name="testCase02" finished-at="2023-02-23T22:46:28 IST" duration-ms="1" status="PASS">
          <reporter-output>
          </reporter-output>
        </test-method> <!-- testCase02 -->
        <test-method signature="testCase02()[pri:0, instance:day05.Program04@47987356]" started-at="2023-02-23T22:46:28 IST" name="testCase02" finished-at="2023-02-23T22:46:28 IST" duration-ms="3" status="PASS">
          <reporter-output>
          </reporter-output>
        </test-method> <!-- testCase02 -->
        <test-method signature="testCase02()[pri:0, instance:day05.Program04@47987356]" started-at="2023-02-23T22:46:28 IST" name="testCase02" finished-at="2023-02-23T22:46:28 IST" duration-ms="3" status="PASS">
          <reporter-output>
          </reporter-output>
        </test-method> <!-- testCase02 -->
      </class> <!-- day05.Program04 -->
    </test> <!-- Default test -->
  </suite> <!-- Default suite -->
</testng-results>
